<?xml version="1.0" encoding="utf-8"?><testsuites name="pytest tests"><testsuite name="pytest" errors="0" failures="1" skipped="0" tests="13" time="11.165" timestamp="2026-09-18T08:52:57.374757+00:00" hostname="agent-env-969903f5-75df-4a66-a49f-537c7958da79"><testcase classname="tests.test_auth_prompt2" name="test_auth_config_endpoint" time="0.229" /><testcase classname="tests.test_auth_prompt2" name="test_google_login_not_configured" time="0.129" /><testcase classname="tests.test_auth_prompt2" name="test_admin_login_success" time="0.337" /><testcase classname="tests.test_auth_prompt2" name="test_wrong_password_returns_401" time="0.322" /><testcase classname="tests.test_auth_prompt2" name="test_logout_revokes_session" time="0.716" /><testcase classname="tests.test_auth_prompt2" name="test_forgot_password_neutral_message" time="0.493" /><testcase classname="tests.test_auth_prompt2" name="test_rate_limit_after_10_failures" time="1.502"><failure message="AssertionError: never hit 429 after 12 attempts, last=422&#10;assert False">tests/test_auth_prompt2.py:130: in test_rate_limit_after_10_failures
    assert saw_429, f"never hit 429 after 12 attempts, last={last_status}"
E   AssertionError: never hit 429 after 12 attempts, last=422
E   assert False</failure></testcase><testcase classname="tests.test_auth_prompt2" name="test_inactive_user_blocked" time="0.649" /><testcase classname="tests.test_auth_prompt2" name="test_change_password_full_flow" time="3.680" /><testcase classname="tests.test_auth_prompt2" name="test_reset_password_weak_policy_rejected" time="0.125" /><testcase classname="tests.test_auth_prompt2" name="test_reset_password_expired_token_rejected" time="0.118" /><testcase classname="tests.test_auth_prompt2" name="test_reset_password_single_use" time="1.502" /><testcase classname="tests.test_auth_prompt2" name="test_recruiter_cannot_access_admin_endpoints" time="1.167" /></testsuite></testsuites>