<?xml version="1.0" encoding="utf-8"?><testsuites name="pytest tests"><testsuite name="pytest" errors="0" failures="2" skipped="0" tests="21" time="6.885" timestamp="2026-09-18T09:38:33.529855+00:00" hostname="agent-env-969903f5-75df-4a66-a49f-537c7958da79"><testcase classname="tests.test_recruitment_prompts3to6.TestDashboard" name="test_admin_kpis_seeded" time="0.629" /><testcase classname="tests.test_recruitment_prompts3to6.TestDashboard" name="test_recruiter_scope_only_own" time="0.464" /><testcase classname="tests.test_recruitment_prompts3to6.TestDashboard" name="test_team_leader_scope_team" time="0.517" /><testcase classname="tests.test_recruitment_prompts3to6.TestDashboard" name="test_admin_recruiter_filter" time="0.148" /><testcase classname="tests.test_recruitment_prompts3to6.TestDashboard" name="test_fresh_leads_link_filter" time="0.119" /><testcase classname="tests.test_recruitment_prompts3to6.TestMyDay" name="test_recruiter_myday_counts" time="0.125" /><testcase classname="tests.test_recruitment_prompts3to6.TestMyDay" name="test_myday_live_update_on_followup_done" time="0.436" /><testcase classname="tests.test_recruitment_prompts3to6.TestQuickActions" name="test_create_lead_persists" time="0.264" /><testcase classname="tests.test_recruitment_prompts3to6.TestQuickActions" name="test_create_task_persists" time="0.248" /><testcase classname="tests.test_recruitment_prompts3to6.TestAccessControl" name="test_users_list_and_permissions_catalog" time="0.264" /><testcase classname="tests.test_recruitment_prompts3to6.TestAccessControl" name="test_effective_permissions_endpoint" time="0.148" /><testcase classname="tests.test_recruitment_prompts3to6.TestAccessControl" name="test_role_lifecycle_clone_rename_reset_update_delete" time="0.642" /><testcase classname="tests.test_recruitment_prompts3to6.TestAccessControl" name="test_admin_role_cannot_be_modified" time="0.119" /><testcase classname="tests.test_recruitment_prompts3to6.TestAccessControl" name="test_sessions_and_revoke" time="0.576" /><testcase classname="tests.test_recruitment_prompts3to6.TestSecurity" name="test_recruiter_forbidden_admin_endpoints" time="0.610" /><testcase classname="tests.test_recruitment_prompts3to6.TestSecurity" name="test_recruiter_cannot_read_or_edit_other_recruiters_lead" time="0.376" /><testcase classname="tests.test_recruitment_prompts3to6.TestSecurity" name="test_recruiter_filter_bypass_returns_zero" time="0.137" /><testcase classname="tests.test_recruitment_prompts3to6.TestSecurity" name="test_recruiter_cannot_change_own_role" time="0.117" /><testcase classname="tests.test_recruitment_prompts3to6.TestSecurity" name="test_admin_cannot_change_own_role" time="0.136"><failure message="KeyError: 'id'">tests/test_recruitment_prompts3to6.py:303: in test_admin_cannot_change_own_role
    aid = me["id"]
          ^^^^^^^^
E   KeyError: 'id'</failure></testcase><testcase classname="tests.test_recruitment_prompts3to6.TestSecurity" name="test_admin_cannot_deactivate_last_admin" time="0.119"><failure message="KeyError: 'id'">tests/test_recruitment_prompts3to6.py:310: in test_admin_cannot_deactivate_last_admin
    aid = me["id"]
          ^^^^^^^^
E   KeyError: 'id'</failure></testcase><testcase classname="tests.test_recruitment_prompts3to6.TestStatusEngineAudit" name="test_status_transition_and_call_audit" time="0.548" /></testsuite></testsuites>