<?xml version="1.0" encoding="utf-8"?><testsuites name="pytest tests"><testsuite name="pytest" errors="0" failures="0" skipped="0" tests="33" time="7.407" timestamp="2026-09-18T13:23:07.917846+00:00" hostname="agent-env-78ae0729-cb18-4736-a2b7-ad2b3920ff45"><testcase classname="tests.test_modules_prompts11to34" name="test_health" time="0.506" /><testcase classname="tests.test_modules_prompts11to34.TestReports" name="test_leaderboard" time="0.879" /><testcase classname="tests.test_modules_prompts11to34" name="test_lead_inbox" time="0.515" /><testcase classname="tests.test_modules_prompts11to34.TestReports" name="test_targets" time="0.221" /><testcase classname="tests.test_modules_prompts11to34" name="test_action_required_9_cards" time="0.160" /><testcase classname="tests.test_modules_prompts11to34.TestReports" name="test_funnel" time="0.128" /><testcase classname="tests.test_modules_prompts11to34.TestReports" name="test_aging" time="0.332" /><testcase classname="tests.test_modules_prompts11to34" name="test_action_required_recruiter_forbidden" time="0.535" /><testcase classname="tests.test_modules_prompts11to34.TestReports" name="test_missed" time="0.158" /><testcase classname="tests.test_modules_prompts11to34" name="test_global_search" time="0.367" /><testcase classname="tests.test_modules_prompts11to34.TestReports" name="test_recruiter_forbidden" time="0.482" /><testcase classname="tests.test_modules_prompts11to34" name="test_org_settings" time="0.186" /><testcase classname="tests.test_modules_prompts11to34.TestImport" name="test_template_download" time="0.358" /><testcase classname="tests.test_modules_prompts11to34.TestIntegrations" name="test_list_masked_by_default" time="0.291" /><testcase classname="tests.test_modules_prompts11to34.TestImport" name="test_preview_and_commit_idempotent" time="0.446" /><testcase classname="tests.test_modules_prompts11to34.TestIntegrations" name="test_save_test_disconnect_round_trip" time="0.661" /><testcase classname="tests.test_modules_prompts11to34.TestImport" name="test_commit_requires_phone_mapping" time="0.277" /><testcase classname="tests.test_modules_prompts11to34.TestIntegrations" name="test_recruiter_forbidden" time="0.159" /><testcase classname="tests.test_modules_prompts11to34.TestImport" name="test_recruiter_forbidden" time="0.135" /><testcase classname="tests.test_modules_prompts11to34.TestJobs" name="test_crud" time="0.525" /><testcase classname="tests.test_modules_prompts11to34.TestVendors" name="test_summary_and_crud" time="0.577" /><testcase classname="tests.test_modules_prompts11to34.TestJobs" name="test_missing_title" time="0.131" /><testcase classname="tests.test_modules_prompts11to34.TestVendors" name="test_recruiter_forbidden" time="0.171" /><testcase classname="tests.test_modules_prompts11to34.TestApplications" name="test_list_all" time="0.190" /><testcase classname="tests.test_modules_prompts11to34.TestNotifications" name="test_flow" time="0.444" /><testcase classname="tests.test_modules_prompts11to34.TestApplications" name="test_convert_idempotent" time="0.298" /><testcase classname="tests.test_modules_prompts11to34.TestClients" name="test_crud" time="0.591" /><testcase classname="tests.test_modules_prompts11to34.TestNotifications" name="test_isolation" time="0.277" /><testcase classname="tests.test_modules_prompts11to34.TestTemplates" name="test_crud_and_channel_validation" time="0.863" /><testcase classname="tests.test_modules_prompts11to34.TestTags" name="test_crud" time="0.882" /><testcase classname="tests.test_modules_prompts11to34.TestTasks" name="test_summary_and_crud" time="0.740" /><testcase classname="tests.test_modules_prompts11to34.TestFollowupsBoard" name="test_board_counts_and_tabs" time="0.134" /><testcase classname="tests.test_modules_prompts11to34.TestInterviewsJoinings" name="test_lists" time="0.316" /></testsuite></testsuites>