<?xml version="1.0" encoding="utf-8"?><testsuites name="pytest tests"><testsuite name="pytest" errors="0" failures="0" skipped="0" tests="29" time="9.796" timestamp="2026-09-18T12:53:01.434430+00:00" hostname="agent-env-78ae0729-cb18-4736-a2b7-ad2b3920ff45"><testcase classname="tests.test_recruitment_prompts6to10.TestLeadsGrid" name="test_admin_list_default" time="0.732" /><testcase classname="tests.test_recruitment_prompts6to10.TestLeadsGrid" name="test_view_chip[fresh-new]" time="0.131" /><testcase classname="tests.test_recruitment_prompts6to10.TestLeadsGrid" name="test_view_chip[interested-interested]" time="0.124" /><testcase classname="tests.test_recruitment_prompts6to10.TestLeadsGrid" name="test_view_chip[joined-joined]" time="0.177" /><testcase classname="tests.test_recruitment_prompts6to10.TestLeadsGrid" name="test_view_hot" time="0.176" /><testcase classname="tests.test_recruitment_prompts6to10.TestLeadsGrid" name="test_search_filter" time="0.314" /><testcase classname="tests.test_recruitment_prompts6to10.TestLeadsGrid" name="test_pagination" time="0.154" /><testcase classname="tests.test_recruitment_prompts6to10.TestLeadsGrid" name="test_sort_by_name_asc" time="0.191" /><testcase classname="tests.test_recruitment_prompts6to10.TestLeadsGrid" name="test_priority_filter" time="0.124" /><testcase classname="tests.test_recruitment_prompts6to10.TestCreateAndDuplicate" name="test_check_duplicate_negative" time="0.146" /><testcase classname="tests.test_recruitment_prompts6to10.TestCreateAndDuplicate" name="test_create_unique_and_first_followup" time="0.525" /><testcase classname="tests.test_recruitment_prompts6to10.TestCreateAndDuplicate" name="test_duplicate_flagged_creation" time="0.155" /><testcase classname="tests.test_recruitment_prompts6to10.TestDetailNotesActivity" name="test_get_detail" time="0.156" /><testcase classname="tests.test_recruitment_prompts6to10.TestDetailNotesActivity" name="test_notes_crud" time="0.709" /><testcase classname="tests.test_recruitment_prompts6to10.TestDetailNotesActivity" name="test_activities_recorded" time="0.149" /><testcase classname="tests.test_recruitment_prompts6to10.TestDisposition" name="test_connected_interested_moves_status" time="0.324" /><testcase classname="tests.test_recruitment_prompts6to10.TestDisposition" name="test_callback_requires_followup" time="0.300" /><testcase classname="tests.test_recruitment_prompts6to10.TestDisposition" name="test_callback_with_followup_ok" time="0.499" /><testcase classname="tests.test_recruitment_prompts6to10.TestDisposition" name="test_interview_scheduled_requires_details_and_moves_to_lineup" time="0.455" /><testcase classname="tests.test_recruitment_prompts6to10.TestDisposition" name="test_not_interested_requires_reason_then_finalizes" time="0.528" /><testcase classname="tests.test_recruitment_prompts6to10.TestDisposition" name="test_invalid_number_finalizes_invalid" time="0.293" /><testcase classname="tests.test_recruitment_prompts6to10.TestBulkAndExport" name="test_admin_export_csv" time="0.150" /><testcase classname="tests.test_recruitment_prompts6to10.TestBulkAndExport" name="test_recruiter_cannot_export" time="0.544" /><testcase classname="tests.test_recruitment_prompts6to10.TestBulkAndExport" name="test_bulk_assign_admin" time="0.780" /><testcase classname="tests.test_recruitment_prompts6to10.TestBulkAndExport" name="test_recruiter_cannot_assign" time="0.150" /><testcase classname="tests.test_recruitment_prompts6to10.TestBulkAndExport" name="test_auto_distribute_admin" time="0.614" /><testcase classname="tests.test_recruitment_prompts6to10.TestRBAC" name="test_recruiter_only_sees_own" time="0.182" /><testcase classname="tests.test_recruitment_prompts6to10.TestRBAC" name="test_recruiter_cannot_read_other_lead" time="0.729" /><testcase classname="tests.test_recruitment_prompts6to10.TestRBAC" name="test_recruiter_cannot_auto_distribute" time="0.180" /></testsuite></testsuites>