<?xml version="1.0" encoding="utf-8"?><testsuites name="pytest tests"><testsuite name="pytest" errors="0" failures="0" skipped="0" tests="15" time="8.130" timestamp="2026-09-18T08:36:04.356592+00:00" hostname="agent-env-969903f5-75df-4a66-a49f-537c7958da79"><testcase classname="tests.test_public_api" name="test_health" time="0.261" /><testcase classname="tests.test_public_api" name="test_admin_login_and_me" time="0.474" /><testcase classname="tests.test_public_api" name="test_admin_list_users" time="0.463" /><testcase classname="tests.test_public_api" name="test_recruiter_denied_list_users" time="0.463" /><testcase classname="tests.test_public_api" name="test_recruiter_denied_create_user" time="0.479" /><testcase classname="tests.test_public_api" name="test_recruiter_denied_other_user" time="0.950" /><testcase classname="tests.test_public_api" name="test_team_leader_scope" time="0.473" /><testcase classname="tests.test_public_api" name="test_team_leader_cannot_access_admin_record" time="0.926" /><testcase classname="tests.test_public_api" name="test_logout_revokes_session" time="0.753" /><testcase classname="tests.test_public_api" name="test_forgot_password_generic_success" time="0.126" /><testcase classname="tests.test_public_api" name="test_reset_password_invalid_token" time="0.126" /><testcase classname="tests.test_public_api" name="test_admin_can_view_audit_logs" time="0.444" /><testcase classname="tests.test_public_api" name="test_admin_dashboard" time="0.495" /><testcase classname="tests.test_public_api" name="test_admin_settings_get" time="0.471" /><testcase classname="tests.test_public_api" name="test_admin_roles_get" time="0.459" /></testsuite></testsuites>