<?xml version="1.0" encoding="utf-8"?><testsuites name="pytest tests"><testsuite name="pytest" errors="0" failures="0" skipped="0" tests="10" time="4.149" timestamp="2026-09-18T08:35:34.984531+00:00" hostname="agent-env-969903f5-75df-4a66-a49f-537c7958da79"><testcase classname="tests.test_foundation" name="test_effective_permissions_admin_all" time="0.300" /><testcase classname="tests.test_foundation" name="test_recruiter_defaults" time="0.003" /><testcase classname="tests.test_foundation" name="test_login_and_me" time="0.219" /><testcase classname="tests.test_foundation" name="test_login_bad_password" time="0.209" /><testcase classname="tests.test_foundation" name="test_me_requires_auth" time="0.002" /><testcase classname="tests.test_foundation" name="test_recruiter_cannot_create_user" time="0.215" /><testcase classname="tests.test_foundation" name="test_recruiter_cannot_list_users" time="0.224" /><testcase classname="tests.test_foundation" name="test_team_leader_cannot_access_admin_record" time="0.429" /><testcase classname="tests.test_foundation" name="test_team_leader_scope" time="0.216" /><testcase classname="tests.test_foundation" name="test_logout_revokes_session" time="0.221" /></testsuite></testsuites>